--------------------------------Header-----------------------------------------
2014-09-05 02:34:20,039 [Rendering] DEBUG InsuranceClaims.FormReport [(null)] - ClaimInsuranceType----2
2014-09-05 02:34:20,103 [Rendering] DEBUG InsuranceClaims.FormReport [(null)] - ClaimInsuranceType----2
2014-09-05 02:34:20,105 [Rendering] DEBUG InsuranceClaims.FormReport [(null)] - ClaimInsuranceType----2
2014-09-05 02:34:20,107 [Rendering] DEBUG InsuranceClaims.FormReport [(null)] - ClaimInsuranceType----2
2014-09-05 02:34:20,108 [Rendering] DEBUG InsuranceClaims.FormReport [(null)] - ClaimInsuranceType----2
2014-09-05 02:34:20,110 [Rendering] DEBUG InsuranceClaims.FormReport [(null)] - ClaimInsuranceType----2
2014-09-05 02:34:20,111 [Rendering] DEBUG InsuranceClaims.FormReport [(null)] - ClaimInsuranceType----2
2014-09-05 02:34:20,113 [Rendering] DEBUG InsuranceClaims.FormReport [(null)] - ClaimInsuranceType----2
2014-09-05 02:34:20,114 [Rendering] DEBUG InsuranceClaims.FormReport [(null)] - ClaimInsuranceType----2
2014-09-05 02:34:20,116 [Rendering] DEBUG InsuranceClaims.FormReport [(null)] - ClaimInsuranceType----2
2014-09-05 02:34:20,118 [Rendering] DEBUG InsuranceClaims.FormReport [(null)] - ClaimInsuranceType----2
--------------------------------Footer------------------------------------------
--------------------------------Header-----------------------------------------
2014-09-05 02:45:56,853 [Rendering] DEBUG InsuranceClaims.FormReport [(null)] - ClaimInsuranceType----ClaimId-ClaimNo
2014-09-05 02:45:56,951 [Rendering] DEBUG InsuranceClaims.FormReport [(null)] - ClaimInsuranceType----ClaimId-ClaimNo
2014-09-05 02:45:56,952 [Rendering] DEBUG InsuranceClaims.FormReport [(null)] - ClaimInsuranceType----ClaimId-ClaimNo
2014-09-05 02:45:56,954 [Rendering] DEBUG InsuranceClaims.FormReport [(null)] - ClaimInsuranceType----ClaimId-ClaimNo
2014-09-05 02:45:56,955 [Rendering] DEBUG InsuranceClaims.FormReport [(null)] - ClaimInsuranceType----ClaimId-ClaimNo
2014-09-05 02:45:56,956 [Rendering] DEBUG InsuranceClaims.FormReport [(null)] - ClaimInsuranceType----ClaimId-ClaimNo
2014-09-05 02:45:56,957 [Rendering] DEBUG InsuranceClaims.FormReport [(null)] - ClaimInsuranceType----ClaimId-ClaimNo
2014-09-05 02:45:56,959 [Rendering] DEBUG InsuranceClaims.FormReport [(null)] - ClaimInsuranceType----ClaimId-ClaimNo
2014-09-05 02:45:56,960 [Rendering] DEBUG InsuranceClaims.FormReport [(null)] - ClaimInsuranceType----ClaimId-ClaimNo
2014-09-05 02:45:56,961 [Rendering] DEBUG InsuranceClaims.FormReport [(null)] - ClaimInsuranceType----ClaimId-ClaimNo
2014-09-05 02:45:56,962 [Rendering] DEBUG InsuranceClaims.FormReport [(null)] - ClaimInsuranceType----ClaimId-ClaimNo
--------------------------------Footer------------------------------------------
--------------------------------Header-----------------------------------------
2014-09-05 02:48:39,792 [Rendering] DEBUG InsuranceClaims.FormReport [(null)] - ClaimInsuranceType----1-1
2014-09-05 02:48:39,862 [Rendering] DEBUG InsuranceClaims.FormReport [(null)] - ClaimInsuranceType----1-1
2014-09-05 02:48:39,864 [Rendering] DEBUG InsuranceClaims.FormReport [(null)] - ClaimInsuranceType----1-1
2014-09-05 02:48:39,865 [Rendering] DEBUG InsuranceClaims.FormReport [(null)] - ClaimInsuranceType----1-1
2014-09-05 02:48:39,866 [Rendering] DEBUG InsuranceClaims.FormReport [(null)] - ClaimInsuranceType----1-1
2014-09-05 02:48:39,868 [Rendering] DEBUG InsuranceClaims.FormReport [(null)] - ClaimInsuranceType----1-1
2014-09-05 02:48:39,869 [Rendering] DEBUG InsuranceClaims.FormReport [(null)] - ClaimInsuranceType----1-1
2014-09-05 02:48:39,870 [Rendering] DEBUG InsuranceClaims.FormReport [(null)] - ClaimInsuranceType----1-1
2014-09-05 02:48:39,872 [Rendering] DEBUG InsuranceClaims.FormReport [(null)] - ClaimInsuranceType----1-1
2014-09-05 02:48:39,873 [Rendering] DEBUG InsuranceClaims.FormReport [(null)] - ClaimInsuranceType----1-1
2014-09-05 02:48:39,875 [Rendering] DEBUG InsuranceClaims.FormReport [(null)] - ClaimInsuranceType----1-1
--------------------------------Footer------------------------------------------
--------------------------------Header-----------------------------------------
2014-09-05 02:52:03,949 [Rendering] DEBUG InsuranceClaims.FormReport [(null)] - ClaimInsuranceType----1-1
2014-09-05 02:52:04,305 [Rendering] DEBUG InsuranceClaims.FormReport [(null)] - ClaimInsuranceType----1-1
2014-09-05 02:52:04,366 [Rendering] DEBUG InsuranceClaims.FormReport [(null)] - ClaimInsuranceType----1-1
2014-09-05 02:52:04,431 [Rendering] DEBUG InsuranceClaims.FormReport [(null)] - ClaimInsuranceType----1-1
2014-09-05 02:52:04,489 [Rendering] DEBUG InsuranceClaims.FormReport [(null)] - ClaimInsuranceType----1-1
2014-09-05 02:52:04,540 [Rendering] DEBUG InsuranceClaims.FormReport [(null)] - ClaimInsuranceType----1-1
2014-09-05 02:52:04,592 [Rendering] DEBUG InsuranceClaims.FormReport [(null)] - ClaimInsuranceType----1-1
2014-09-05 02:52:04,644 [Rendering] DEBUG InsuranceClaims.FormReport [(null)] - ClaimInsuranceType----1-1
2014-09-05 02:52:04,697 [Rendering] DEBUG InsuranceClaims.FormReport [(null)] - ClaimInsuranceType----1-1
2014-09-05 02:52:04,748 [Rendering] DEBUG InsuranceClaims.FormReport [(null)] - ClaimInsuranceType----1-1
2014-09-05 02:52:04,810 [Rendering] DEBUG InsuranceClaims.FormReport [(null)] - ClaimInsuranceType----1-1
2014-09-05 02:53:52,714 [Rendering] DEBUG InsuranceClaims.FormReport [(null)] - ClaimInsuranceType----1-1
2014-09-05 02:53:52,775 [Rendering] DEBUG InsuranceClaims.FormReport [(null)] - ClaimInsuranceType----1-1
2014-09-05 02:53:52,827 [Rendering] DEBUG InsuranceClaims.FormReport [(null)] - ClaimInsuranceType----1-1
2014-09-05 02:53:52,879 [Rendering] DEBUG InsuranceClaims.FormReport [(null)] - ClaimInsuranceType----1-1
2014-09-05 02:53:52,931 [Rendering] DEBUG InsuranceClaims.FormReport [(null)] - ClaimInsuranceType----1-1
2014-09-05 02:53:52,983 [Rendering] DEBUG InsuranceClaims.FormReport [(null)] - ClaimInsuranceType----1-1
2014-09-05 02:53:53,035 [Rendering] DEBUG InsuranceClaims.FormReport [(null)] - ClaimInsuranceType----1-1
2014-09-05 02:53:53,087 [Rendering] DEBUG InsuranceClaims.FormReport [(null)] - ClaimInsuranceType----1-1
2014-09-05 02:53:53,139 [Rendering] DEBUG InsuranceClaims.FormReport [(null)] - ClaimInsuranceType----1-1
2014-09-05 02:53:53,191 [Rendering] DEBUG InsuranceClaims.FormReport [(null)] - ClaimInsuranceType----1-1
2014-09-05 02:53:53,243 [Rendering] DEBUG InsuranceClaims.FormReport [(null)] - ClaimInsuranceType----1-1
--------------------------------Footer------------------------------------------
--------------------------------Header-----------------------------------------
2014-09-05 02:56:02,700 [Rendering] DEBUG InsuranceClaims.FormReport [(null)] - ClaimInsuranceType----1-1
2014-09-05 02:56:03,029 [Rendering] DEBUG InsuranceClaims.FormReport [(null)] - ClaimInsuranceType----1-1
2014-09-05 02:56:03,089 [Rendering] DEBUG InsuranceClaims.FormReport [(null)] - ClaimInsuranceType----1-1
2014-09-05 02:56:03,143 [Rendering] DEBUG InsuranceClaims.FormReport [(null)] - ClaimInsuranceType----1-1
2014-09-05 02:56:03,200 [Rendering] DEBUG InsuranceClaims.FormReport [(null)] - ClaimInsuranceType----1-1
2014-09-05 02:56:03,258 [Rendering] DEBUG InsuranceClaims.FormReport [(null)] - ClaimInsuranceType----1-1
2014-09-05 02:56:03,312 [Rendering] DEBUG InsuranceClaims.FormReport [(null)] - ClaimInsuranceType----1-1
2014-09-05 02:56:03,372 [Rendering] DEBUG InsuranceClaims.FormReport [(null)] - ClaimInsuranceType----1-1
2014-09-05 02:56:03,432 [Rendering] DEBUG InsuranceClaims.FormReport [(null)] - ClaimInsuranceType----1-1
2014-09-05 02:56:03,496 [Rendering] DEBUG InsuranceClaims.FormReport [(null)] - ClaimInsuranceType----1-1
2014-09-05 02:56:03,550 [Rendering] DEBUG InsuranceClaims.FormReport [(null)] - ClaimInsuranceType----1-1
--------------------------------Footer------------------------------------------
--------------------------------Header-----------------------------------------
2014-09-05 02:57:23,169 [Rendering] DEBUG InsuranceClaims.FormReport [(null)] - ClaimInsuranceType----1-1
2014-09-05 02:57:23,339 [Rendering] DEBUG InsuranceClaims.FormReport [(null)] - ClaimInsuranceType----1-1
2014-09-05 02:57:23,410 [Rendering] DEBUG InsuranceClaims.FormReport [(null)] - ClaimInsuranceType----1-1
2014-09-05 02:57:23,494 [Rendering] DEBUG InsuranceClaims.FormReport [(null)] - ClaimInsuranceType----1-1
2014-09-05 02:57:23,552 [Rendering] DEBUG InsuranceClaims.FormReport [(null)] - ClaimInsuranceType----1-1
2014-09-05 02:57:23,604 [Rendering] DEBUG InsuranceClaims.FormReport [(null)] - ClaimInsuranceType----1-1
2014-09-05 02:57:23,660 [Rendering] DEBUG InsuranceClaims.FormReport [(null)] - ClaimInsuranceType----1-1
2014-09-05 02:57:23,716 [Rendering] DEBUG InsuranceClaims.FormReport [(null)] - ClaimInsuranceType----1-1
2014-09-05 02:57:23,769 [Rendering] DEBUG InsuranceClaims.FormReport [(null)] - ClaimInsuranceType----1-1
2014-09-05 02:57:23,822 [Rendering] DEBUG InsuranceClaims.FormReport [(null)] - ClaimInsuranceType----1-1
2014-09-05 02:57:23,874 [Rendering] DEBUG InsuranceClaims.FormReport [(null)] - ClaimInsuranceType----1-1
--------------------------------Footer------------------------------------------
--------------------------------Header-----------------------------------------
2014-09-05 03:06:49,459 [Rendering] DEBUG InsuranceClaims.FormReport [(null)] - ClaimInsuranceType----1-1
2014-09-05 03:06:49,671 [Rendering] DEBUG InsuranceClaims.FormReport [(null)] - ClaimInsuranceType----1-1
2014-09-05 03:06:49,820 [Rendering] DEBUG InsuranceClaims.FormReport [(null)] - ClaimInsuranceType----1-1
2014-09-05 03:06:49,876 [Rendering] DEBUG InsuranceClaims.FormReport [(null)] - ClaimInsuranceType----1-1
2014-09-05 03:06:49,931 [Rendering] DEBUG InsuranceClaims.FormReport [(null)] - ClaimInsuranceType----1-1
2014-09-05 03:06:49,985 [Rendering] DEBUG InsuranceClaims.FormReport [(null)] - ClaimInsuranceType----1-1
2014-09-05 03:06:50,040 [Rendering] DEBUG InsuranceClaims.FormReport [(null)] - ClaimInsuranceType----1-1
2014-09-05 03:06:50,093 [Rendering] DEBUG InsuranceClaims.FormReport [(null)] - ClaimInsuranceType----1-1
2014-09-05 03:06:50,146 [Rendering] DEBUG InsuranceClaims.FormReport [(null)] - ClaimInsuranceType----1-1
2014-09-05 03:06:50,198 [Rendering] DEBUG InsuranceClaims.FormReport [(null)] - ClaimInsuranceType----1-1
2014-09-05 03:06:50,255 [Rendering] DEBUG InsuranceClaims.FormReport [(null)] - ClaimInsuranceType----1-1
--------------------------------Footer------------------------------------------
--------------------------------Header-----------------------------------------
2014-09-05 03:09:44,807 [Rendering] DEBUG InsuranceClaims.FormReport [(null)] - ClaimInsuranceType----1-1
2014-09-05 03:09:45,037 [Rendering] DEBUG InsuranceClaims.FormReport [(null)] - ClaimInsuranceType----1-1
2014-09-05 03:09:45,111 [Rendering] DEBUG InsuranceClaims.FormReport [(null)] - ClaimInsuranceType----1-1
2014-09-05 03:09:45,192 [Rendering] DEBUG InsuranceClaims.FormReport [(null)] - ClaimInsuranceType----1-1
2014-09-05 03:09:45,258 [Rendering] DEBUG InsuranceClaims.FormReport [(null)] - ClaimInsuranceType----1-1
2014-09-05 03:09:45,332 [Rendering] DEBUG InsuranceClaims.FormReport [(null)] - ClaimInsuranceType----1-1
2014-09-05 03:09:45,398 [Rendering] DEBUG InsuranceClaims.FormReport [(null)] - ClaimInsuranceType----1-1
2014-09-05 03:09:45,474 [Rendering] DEBUG InsuranceClaims.FormReport [(null)] - ClaimInsuranceType----1-1
2014-09-05 03:09:45,540 [Rendering] DEBUG InsuranceClaims.FormReport [(null)] - ClaimInsuranceType----1-1
2014-09-05 03:09:45,610 [Rendering] DEBUG InsuranceClaims.FormReport [(null)] - ClaimInsuranceType----1-1
2014-09-05 03:09:45,692 [Rendering] DEBUG InsuranceClaims.FormReport [(null)] - ClaimInsuranceType----1-1
--------------------------------Footer------------------------------------------
--------------------------------Header-----------------------------------------
2014-09-05 03:14:10,506 [Rendering] DEBUG InsuranceClaims.FormReport [(null)] - ClaimInsuranceType----1-1
2014-09-05 03:14:10,661 [Rendering] DEBUG InsuranceClaims.FormReport [(null)] - ClaimInsuranceType----1-1
2014-09-05 03:14:10,744 [Rendering] DEBUG InsuranceClaims.FormReport [(null)] - ClaimInsuranceType----1-1
2014-09-05 03:14:10,810 [Rendering] DEBUG InsuranceClaims.FormReport [(null)] - ClaimInsuranceType----1-1
2014-09-05 03:14:10,879 [Rendering] DEBUG InsuranceClaims.FormReport [(null)] - ClaimInsuranceType----1-1
2014-09-05 03:14:10,935 [Rendering] DEBUG InsuranceClaims.FormReport [(null)] - ClaimInsuranceType----1-1
2014-09-05 03:14:10,998 [Rendering] DEBUG InsuranceClaims.FormReport [(null)] - ClaimInsuranceType----1-1
2014-09-05 03:14:11,056 [Rendering] DEBUG InsuranceClaims.FormReport [(null)] - ClaimInsuranceType----1-1
2014-09-05 03:14:11,108 [Rendering] DEBUG InsuranceClaims.FormReport [(null)] - ClaimInsuranceType----1-1
2014-09-05 03:14:11,164 [Rendering] DEBUG InsuranceClaims.FormReport [(null)] - ClaimInsuranceType----1-1
2014-09-05 03:14:11,217 [Rendering] DEBUG InsuranceClaims.FormReport [(null)] - ClaimInsuranceType----1-1
--------------------------------Footer------------------------------------------
--------------------------------Header-----------------------------------------
2014-09-05 03:15:26,561 [Rendering] DEBUG InsuranceClaims.FormReport [(null)] - ClaimInsuranceType----1-1
2014-09-05 03:15:26,684 [Rendering] DEBUG InsuranceClaims.FormReport [(null)] - ClaimInsuranceType----1-1
2014-09-05 03:15:26,742 [Rendering] DEBUG InsuranceClaims.FormReport [(null)] - ClaimInsuranceType----1-1
2014-09-05 03:15:26,813 [Rendering] DEBUG InsuranceClaims.FormReport [(null)] - ClaimInsuranceType----1-1
2014-09-05 03:15:26,884 [Rendering] DEBUG InsuranceClaims.FormReport [(null)] - ClaimInsuranceType----1-1
2014-09-05 03:15:26,941 [Rendering] DEBUG InsuranceClaims.FormReport [(null)] - ClaimInsuranceType----1-1
2014-09-05 03:15:26,994 [Rendering] DEBUG InsuranceClaims.FormReport [(null)] - ClaimInsuranceType----1-1
2014-09-05 03:15:27,063 [Rendering] DEBUG InsuranceClaims.FormReport [(null)] - ClaimInsuranceType----1-1
2014-09-05 03:15:27,119 [Rendering] DEBUG InsuranceClaims.FormReport [(null)] - ClaimInsuranceType----1-1
2014-09-05 03:15:27,171 [Rendering] DEBUG InsuranceClaims.FormReport [(null)] - ClaimInsuranceType----1-1
2014-09-05 03:15:27,231 [Rendering] DEBUG InsuranceClaims.FormReport [(null)] - ClaimInsuranceType----1-1
--------------------------------Footer------------------------------------------
--------------------------------Header-----------------------------------------
2014-09-05 03:18:03,719 [Rendering] DEBUG InsuranceClaims.FormReport [(null)] - ClaimInsuranceType----1-1
2014-09-05 03:18:03,871 [Rendering] DEBUG InsuranceClaims.FormReport [(null)] - ClaimInsuranceType----1-1
2014-09-05 03:18:03,936 [Rendering] DEBUG InsuranceClaims.FormReport [(null)] - ClaimInsuranceType----1-1
2014-09-05 03:18:04,033 [Rendering] DEBUG InsuranceClaims.FormReport [(null)] - ClaimInsuranceType----1-1
2014-09-05 03:18:04,090 [Rendering] DEBUG InsuranceClaims.FormReport [(null)] - ClaimInsuranceType----1-1
2014-09-05 03:18:04,143 [Rendering] DEBUG InsuranceClaims.FormReport [(null)] - ClaimInsuranceType----1-1
2014-09-05 03:18:04,197 [Rendering] DEBUG InsuranceClaims.FormReport [(null)] - ClaimInsuranceType----1-1
2014-09-05 03:18:04,249 [Rendering] DEBUG InsuranceClaims.FormReport [(null)] - ClaimInsuranceType----1-1
2014-09-05 03:18:04,311 [Rendering] DEBUG InsuranceClaims.FormReport [(null)] - ClaimInsuranceType----1-1
2014-09-05 03:18:04,375 [Rendering] DEBUG InsuranceClaims.FormReport [(null)] - ClaimInsuranceType----1-1
2014-09-05 03:18:04,430 [Rendering] DEBUG InsuranceClaims.FormReport [(null)] - ClaimInsuranceType----1-1
--------------------------------Footer------------------------------------------
--------------------------------Header-----------------------------------------
2014-09-05 03:23:20,860 [Rendering] DEBUG InsuranceClaims.FormReport [(null)] - ClaimInsuranceType----1-1
2014-09-05 03:23:21,033 [Rendering] DEBUG InsuranceClaims.FormReport [(null)] - ClaimInsuranceType----1-1
2014-09-05 03:23:21,101 [Rendering] DEBUG InsuranceClaims.FormReport [(null)] - ClaimInsuranceType----1-1
2014-09-05 03:23:21,171 [Rendering] DEBUG InsuranceClaims.FormReport [(null)] - ClaimInsuranceType----1-1
2014-09-05 03:23:21,238 [Rendering] DEBUG InsuranceClaims.FormReport [(null)] - ClaimInsuranceType----1-1
2014-09-05 03:23:21,307 [Rendering] DEBUG InsuranceClaims.FormReport [(null)] - ClaimInsuranceType----1-1
2014-09-05 03:23:22,757 [Rendering] DEBUG InsuranceClaims.FormReport [(null)] - ClaimInsuranceType----1-1
2014-09-05 03:23:22,975 [Rendering] DEBUG InsuranceClaims.FormReport [(null)] - ClaimInsuranceType----1-1
2014-09-05 03:23:23,137 [Rendering] DEBUG InsuranceClaims.FormReport [(null)] - ClaimInsuranceType----1-1
2014-09-05 03:23:23,326 [Rendering] DEBUG InsuranceClaims.FormReport [(null)] - ClaimInsuranceType----1-1
2014-09-05 03:23:23,448 [Rendering] DEBUG InsuranceClaims.FormReport [(null)] - ClaimInsuranceType----1-1
--------------------------------Footer------------------------------------------
--------------------------------Header-----------------------------------------
2014-09-05 03:24:05,726 [Rendering] DEBUG InsuranceClaims.FormReport [(null)] - ClaimInsuranceType----1-1
2014-09-05 03:24:05,889 [Rendering] DEBUG InsuranceClaims.FormReport [(null)] - ClaimInsuranceType----1-1
2014-09-05 03:24:05,966 [Rendering] DEBUG InsuranceClaims.FormReport [(null)] - ClaimInsuranceType----1-1
2014-09-05 03:24:06,042 [Rendering] DEBUG InsuranceClaims.FormReport [(null)] - ClaimInsuranceType----1-1
2014-09-05 03:24:06,099 [Rendering] DEBUG InsuranceClaims.FormReport [(null)] - ClaimInsuranceType----1-1
2014-09-05 03:24:06,151 [Rendering] DEBUG InsuranceClaims.FormReport [(null)] - ClaimInsuranceType----1-1
2014-09-05 03:24:06,204 [Rendering] DEBUG InsuranceClaims.FormReport [(null)] - ClaimInsuranceType----1-1
2014-09-05 03:24:06,257 [Rendering] DEBUG InsuranceClaims.FormReport [(null)] - ClaimInsuranceType----1-1
2014-09-05 03:24:06,310 [Rendering] DEBUG InsuranceClaims.FormReport [(null)] - ClaimInsuranceType----1-1
2014-09-05 03:24:06,362 [Rendering] DEBUG InsuranceClaims.FormReport [(null)] - ClaimInsuranceType----1-1
2014-09-05 03:24:06,414 [Rendering] DEBUG InsuranceClaims.FormReport [(null)] - ClaimInsuranceType----1-1
--------------------------------Footer------------------------------------------
--------------------------------Header-----------------------------------------
2014-09-05 03:25:31,725 [Rendering] DEBUG InsuranceClaims.FormReport [(null)] - ClaimInsuranceType----1-1
2014-09-05 03:25:31,920 [Rendering] DEBUG InsuranceClaims.FormReport [(null)] - ClaimInsuranceType----1-1
2014-09-05 03:25:31,998 [Rendering] DEBUG InsuranceClaims.FormReport [(null)] - ClaimInsuranceType----1-1
2014-09-05 03:25:32,054 [Rendering] DEBUG InsuranceClaims.FormReport [(null)] - ClaimInsuranceType----1-1
2014-09-05 03:25:32,107 [Rendering] DEBUG InsuranceClaims.FormReport [(null)] - ClaimInsuranceType----1-1
2014-09-05 03:25:32,158 [Rendering] DEBUG InsuranceClaims.FormReport [(null)] - ClaimInsuranceType----1-1
2014-09-05 03:25:32,210 [Rendering] DEBUG InsuranceClaims.FormReport [(null)] - ClaimInsuranceType----1-1
2014-09-05 03:25:32,261 [Rendering] DEBUG InsuranceClaims.FormReport [(null)] - ClaimInsuranceType----1-1
2014-09-05 03:25:32,314 [Rendering] DEBUG InsuranceClaims.FormReport [(null)] - ClaimInsuranceType----1-1
2014-09-05 03:25:32,374 [Rendering] DEBUG InsuranceClaims.FormReport [(null)] - ClaimInsuranceType----1-1
2014-09-05 03:25:32,426 [Rendering] DEBUG InsuranceClaims.FormReport [(null)] - ClaimInsuranceType----1-1
--------------------------------Footer------------------------------------------
--------------------------------Header-----------------------------------------
2014-09-05 03:29:26,240 [Rendering] DEBUG InsuranceClaims.FormReport [(null)] - ClaimInsuranceType----1-1
2014-09-05 03:29:26,437 [Rendering] DEBUG InsuranceClaims.FormReport [(null)] - ClaimInsuranceType----1-1
2014-09-05 03:29:26,546 [Rendering] DEBUG InsuranceClaims.FormReport [(null)] - ClaimInsuranceType----1-1
2014-09-05 03:29:26,601 [Rendering] DEBUG InsuranceClaims.FormReport [(null)] - ClaimInsuranceType----1-1
2014-09-05 03:29:26,676 [Rendering] DEBUG InsuranceClaims.FormReport [(null)] - ClaimInsuranceType----1-1
2014-09-05 03:29:26,740 [Rendering] DEBUG InsuranceClaims.FormReport [(null)] - ClaimInsuranceType----1-1
2014-09-05 03:29:26,793 [Rendering] DEBUG InsuranceClaims.FormReport [(null)] - ClaimInsuranceType----1-1
2014-09-05 03:29:26,845 [Rendering] DEBUG InsuranceClaims.FormReport [(null)] - ClaimInsuranceType----1-1
2014-09-05 03:29:26,898 [Rendering] DEBUG InsuranceClaims.FormReport [(null)] - ClaimInsuranceType----1-1
2014-09-05 03:29:26,955 [Rendering] DEBUG InsuranceClaims.FormReport [(null)] - ClaimInsuranceType----1-1
2014-09-05 03:29:27,009 [Rendering] DEBUG InsuranceClaims.FormReport [(null)] - ClaimInsuranceType----1-1
--------------------------------Footer------------------------------------------
--------------------------------Header-----------------------------------------
2014-09-05 03:33:45,239 [Rendering] DEBUG InsuranceClaims.FormReport [(null)] - ClaimInsuranceType----1-1
2014-09-05 03:33:45,401 [Rendering] DEBUG InsuranceClaims.FormReport [(null)] - ClaimInsuranceType----1-1
2014-09-05 03:33:45,500 [Rendering] DEBUG InsuranceClaims.FormReport [(null)] - ClaimInsuranceType----1-1
2014-09-05 03:33:45,573 [Rendering] DEBUG InsuranceClaims.FormReport [(null)] - ClaimInsuranceType----1-1
2014-09-05 03:33:45,638 [Rendering] DEBUG InsuranceClaims.FormReport [(null)] - ClaimInsuranceType----1-1
2014-09-05 03:33:45,723 [Rendering] DEBUG InsuranceClaims.FormReport [(null)] - ClaimInsuranceType----1-1
2014-09-05 03:33:45,791 [Rendering] DEBUG InsuranceClaims.FormReport [(null)] - ClaimInsuranceType----1-1
2014-09-05 03:33:45,847 [Rendering] DEBUG InsuranceClaims.FormReport [(null)] - ClaimInsuranceType----1-1
2014-09-05 03:33:45,900 [Rendering] DEBUG InsuranceClaims.FormReport [(null)] - ClaimInsuranceType----1-1
2014-09-05 03:33:45,958 [Rendering] DEBUG InsuranceClaims.FormReport [(null)] - ClaimInsuranceType----1-1
2014-09-05 03:33:46,011 [Rendering] DEBUG InsuranceClaims.FormReport [(null)] - ClaimInsuranceType----1-1
2014-09-05 03:34:21,326 [Rendering] DEBUG InsuranceClaims.FormReport [(null)] - ClaimInsuranceType----1-1
2014-09-05 03:34:21,389 [Rendering] DEBUG InsuranceClaims.FormReport [(null)] - ClaimInsuranceType----1-1
2014-09-05 03:34:21,442 [Rendering] DEBUG InsuranceClaims.FormReport [(null)] - ClaimInsuranceType----1-1
2014-09-05 03:34:21,495 [Rendering] DEBUG InsuranceClaims.FormReport [(null)] - ClaimInsuranceType----1-1
2014-09-05 03:34:21,548 [Rendering] DEBUG InsuranceClaims.FormReport [(null)] - ClaimInsuranceType----1-1
2014-09-05 03:34:21,600 [Rendering] DEBUG InsuranceClaims.FormReport [(null)] - ClaimInsuranceType----1-1
2014-09-05 03:34:21,653 [Rendering] DEBUG InsuranceClaims.FormReport [(null)] - ClaimInsuranceType----1-1
2014-09-05 03:34:21,704 [Rendering] DEBUG InsuranceClaims.FormReport [(null)] - ClaimInsuranceType----1-1
2014-09-05 03:34:21,756 [Rendering] DEBUG InsuranceClaims.FormReport [(null)] - ClaimInsuranceType----1-1
2014-09-05 03:34:21,807 [Rendering] DEBUG InsuranceClaims.FormReport [(null)] - ClaimInsuranceType----1-1
2014-09-05 03:34:21,860 [Rendering] DEBUG InsuranceClaims.FormReport [(null)] - ClaimInsuranceType----1-1
--------------------------------Footer------------------------------------------
--------------------------------Header-----------------------------------------
2014-09-05 03:37:45,888 [Rendering] DEBUG InsuranceClaims.FormReport [(null)] - ClaimInsuranceType----1-1
2014-09-05 03:37:46,055 [Rendering] DEBUG InsuranceClaims.FormReport [(null)] - ClaimInsuranceType----1-1
2014-09-05 03:37:46,132 [Rendering] DEBUG InsuranceClaims.FormReport [(null)] - ClaimInsuranceType----1-1
2014-09-05 03:37:46,198 [Rendering] DEBUG InsuranceClaims.FormReport [(null)] - ClaimInsuranceType----1-1
2014-09-05 03:37:46,277 [Rendering] DEBUG InsuranceClaims.FormReport [(null)] - ClaimInsuranceType----1-1
2014-09-05 03:37:46,341 [Rendering] DEBUG InsuranceClaims.FormReport [(null)] - ClaimInsuranceType----1-1
2014-09-05 03:37:46,395 [Rendering] DEBUG InsuranceClaims.FormReport [(null)] - ClaimInsuranceType----1-1
2014-09-05 03:37:46,447 [Rendering] DEBUG InsuranceClaims.FormReport [(null)] - ClaimInsuranceType----1-1
2014-09-05 03:37:46,499 [Rendering] DEBUG InsuranceClaims.FormReport [(null)] - ClaimInsuranceType----1-1
2014-09-05 03:37:46,560 [Rendering] DEBUG InsuranceClaims.FormReport [(null)] - ClaimInsuranceType----1-1
2014-09-05 03:37:46,612 [Rendering] DEBUG InsuranceClaims.FormReport [(null)] - ClaimInsuranceType----1-1
--------------------------------Footer------------------------------------------
--------------------------------Header-----------------------------------------
2014-09-05 03:40:05,770 [Rendering] DEBUG InsuranceClaims.FormReport [(null)] - ClaimInsuranceType----1-1
2014-09-05 03:40:06,014 [Rendering] DEBUG InsuranceClaims.FormReport [(null)] - ClaimInsuranceType----1-1
2014-09-05 03:40:06,087 [Rendering] DEBUG InsuranceClaims.FormReport [(null)] - ClaimInsuranceType----1-1
2014-09-05 03:40:06,155 [Rendering] DEBUG InsuranceClaims.FormReport [(null)] - ClaimInsuranceType----1-1
2014-09-05 03:40:06,226 [Rendering] DEBUG InsuranceClaims.FormReport [(null)] - ClaimInsuranceType----1-1
2014-09-05 03:40:06,282 [Rendering] DEBUG InsuranceClaims.FormReport [(null)] - ClaimInsuranceType----1-1
2014-09-05 03:40:06,353 [Rendering] DEBUG InsuranceClaims.FormReport [(null)] - ClaimInsuranceType----1-1
2014-09-05 03:40:06,421 [Rendering] DEBUG InsuranceClaims.FormReport [(null)] - ClaimInsuranceType----1-1
2014-09-05 03:40:06,481 [Rendering] DEBUG InsuranceClaims.FormReport [(null)] - ClaimInsuranceType----1-1
2014-09-05 03:40:06,539 [Rendering] DEBUG InsuranceClaims.FormReport [(null)] - ClaimInsuranceType----1-1
2014-09-05 03:40:06,605 [Rendering] DEBUG InsuranceClaims.FormReport [(null)] - ClaimInsuranceType----1-1
--------------------------------Footer------------------------------------------
--------------------------------Header-----------------------------------------
2014-09-05 03:42:29,056 [Rendering] DEBUG InsuranceClaims.FormReport [(null)] - ClaimInsuranceType----1-1
2014-09-05 03:42:29,350 [Rendering] DEBUG InsuranceClaims.FormReport [(null)] - ClaimInsuranceType----1-1
2014-09-05 03:42:29,436 [Rendering] DEBUG InsuranceClaims.FormReport [(null)] - ClaimInsuranceType----1-1
2014-09-05 03:42:29,497 [Rendering] DEBUG InsuranceClaims.FormReport [(null)] - ClaimInsuranceType----1-1
2014-09-05 03:42:29,552 [Rendering] DEBUG InsuranceClaims.FormReport [(null)] - ClaimInsuranceType----1-1
2014-09-05 03:42:29,606 [Rendering] DEBUG InsuranceClaims.FormReport [(null)] - ClaimInsuranceType----1-1
2014-09-05 03:42:29,659 [Rendering] DEBUG InsuranceClaims.FormReport [(null)] - ClaimInsuranceType----1-1
2014-09-05 03:42:29,712 [Rendering] DEBUG InsuranceClaims.FormReport [(null)] - ClaimInsuranceType----1-1
2014-09-05 03:42:29,777 [Rendering] DEBUG InsuranceClaims.FormReport [(null)] - ClaimInsuranceType----1-1
2014-09-05 03:42:29,835 [Rendering] DEBUG InsuranceClaims.FormReport [(null)] - ClaimInsuranceType----1-1
2014-09-05 03:42:29,893 [Rendering] DEBUG InsuranceClaims.FormReport [(null)] - ClaimInsuranceType----1-1
--------------------------------Footer------------------------------------------
--------------------------------Header-----------------------------------------
2014-09-05 03:44:50,415 [Rendering] DEBUG InsuranceClaims.FormReport [(null)] - ClaimInsuranceType----1-1
2014-09-05 03:44:50,561 [Rendering] DEBUG InsuranceClaims.FormReport [(null)] - ClaimInsuranceType----1-1
2014-09-05 03:44:50,640 [Rendering] DEBUG InsuranceClaims.FormReport [(null)] - ClaimInsuranceType----1-1
2014-09-05 03:44:50,711 [Rendering] DEBUG InsuranceClaims.FormReport [(null)] - ClaimInsuranceType----1-1
2014-09-05 03:44:50,807 [Rendering] DEBUG InsuranceClaims.FormReport [(null)] - ClaimInsuranceType----1-1
2014-09-05 03:44:50,864 [Rendering] DEBUG InsuranceClaims.FormReport [(null)] - ClaimInsuranceType----1-1
2014-09-05 03:44:50,917 [Rendering] DEBUG InsuranceClaims.FormReport [(null)] - ClaimInsuranceType----1-1
2014-09-05 03:44:50,970 [Rendering] DEBUG InsuranceClaims.FormReport [(null)] - ClaimInsuranceType----1-1
2014-09-05 03:44:51,024 [Rendering] DEBUG InsuranceClaims.FormReport [(null)] - ClaimInsuranceType----1-1
2014-09-05 03:44:51,079 [Rendering] DEBUG InsuranceClaims.FormReport [(null)] - ClaimInsuranceType----1-1
2014-09-05 03:44:51,133 [Rendering] DEBUG InsuranceClaims.FormReport [(null)] - ClaimInsuranceType----1-1
--------------------------------Footer------------------------------------------
--------------------------------Header-----------------------------------------
2014-09-05 03:46:13,146 [Rendering] DEBUG InsuranceClaims.FormReport [(null)] - ClaimInsuranceType----1-1
2014-09-05 03:46:13,304 [Rendering] DEBUG InsuranceClaims.FormReport [(null)] - ClaimInsuranceType----1-1
2014-09-05 03:46:13,380 [Rendering] DEBUG InsuranceClaims.FormReport [(null)] - ClaimInsuranceType----1-1
2014-09-05 03:46:13,446 [Rendering] DEBUG InsuranceClaims.FormReport [(null)] - ClaimInsuranceType----1-1
2014-09-05 03:46:13,517 [Rendering] DEBUG InsuranceClaims.FormReport [(null)] - ClaimInsuranceType----1-1
2014-09-05 03:46:13,573 [Rendering] DEBUG InsuranceClaims.FormReport [(null)] - ClaimInsuranceType----1-1
2014-09-05 03:46:13,626 [Rendering] DEBUG InsuranceClaims.FormReport [(null)] - ClaimInsuranceType----1-1
2014-09-05 03:46:13,678 [Rendering] DEBUG InsuranceClaims.FormReport [(null)] - ClaimInsuranceType----1-1
2014-09-05 03:46:13,744 [Rendering] DEBUG InsuranceClaims.FormReport [(null)] - ClaimInsuranceType----1-1
2014-09-05 03:46:13,803 [Rendering] DEBUG InsuranceClaims.FormReport [(null)] - ClaimInsuranceType----1-1
2014-09-05 03:46:13,860 [Rendering] DEBUG InsuranceClaims.FormReport [(null)] - ClaimInsuranceType----1-1
--------------------------------Footer------------------------------------------
--------------------------------Header-----------------------------------------
2014-09-05 03:47:27,288 [Rendering] DEBUG InsuranceClaims.FormReport [(null)] - ClaimInsuranceType----1-1
2014-09-05 03:47:27,420 [Rendering] DEBUG InsuranceClaims.FormReport [(null)] - ClaimInsuranceType----1-1
2014-09-05 03:47:27,473 [Rendering] DEBUG InsuranceClaims.FormReport [(null)] - ClaimInsuranceType----1-1
2014-09-05 03:47:27,526 [Rendering] DEBUG InsuranceClaims.FormReport [(null)] - ClaimInsuranceType----1-1
2014-09-05 03:47:27,577 [Rendering] DEBUG InsuranceClaims.FormReport [(null)] - ClaimInsuranceType----1-1
2014-09-05 03:47:27,628 [Rendering] DEBUG InsuranceClaims.FormReport [(null)] - ClaimInsuranceType----1-1
2014-09-05 03:47:27,680 [Rendering] DEBUG InsuranceClaims.FormReport [(null)] - ClaimInsuranceType----1-1
2014-09-05 03:47:27,731 [Rendering] DEBUG InsuranceClaims.FormReport [(null)] - ClaimInsuranceType----1-1
2014-09-05 03:47:27,783 [Rendering] DEBUG InsuranceClaims.FormReport [(null)] - ClaimInsuranceType----1-1
2014-09-05 03:47:27,835 [Rendering] DEBUG InsuranceClaims.FormReport [(null)] - ClaimInsuranceType----1-1
2014-09-05 03:47:27,887 [Rendering] DEBUG InsuranceClaims.FormReport [(null)] - ClaimInsuranceType----1-1
2014-09-05 03:47:37,611 [Rendering] DEBUG InsuranceClaims.FormReport [(null)] - ClaimInsuranceType----1-1
2014-09-05 03:47:37,729 [Rendering] DEBUG InsuranceClaims.FormReport [(null)] - ClaimInsuranceType----1-1
2014-09-05 03:47:37,787 [Rendering] DEBUG InsuranceClaims.FormReport [(null)] - ClaimInsuranceType----1-1
2014-09-05 03:47:37,840 [Rendering] DEBUG InsuranceClaims.FormReport [(null)] - ClaimInsuranceType----1-1
2014-09-05 03:47:37,892 [Rendering] DEBUG InsuranceClaims.FormReport [(null)] - ClaimInsuranceType----1-1
2014-09-05 03:47:37,945 [Rendering] DEBUG InsuranceClaims.FormReport [(null)] - ClaimInsuranceType----1-1
2014-09-05 03:47:37,997 [Rendering] DEBUG InsuranceClaims.FormReport [(null)] - ClaimInsuranceType----1-1
2014-09-05 03:47:38,049 [Rendering] DEBUG InsuranceClaims.FormReport [(null)] - ClaimInsuranceType----1-1
2014-09-05 03:47:38,101 [Rendering] DEBUG InsuranceClaims.FormReport [(null)] - ClaimInsuranceType----1-1
2014-09-05 03:47:38,153 [Rendering] DEBUG InsuranceClaims.FormReport [(null)] - ClaimInsuranceType----1-1
2014-09-05 03:47:38,206 [Rendering] DEBUG InsuranceClaims.FormReport [(null)] - ClaimInsuranceType----1-1
2014-09-05 03:47:39,419 [Rendering] DEBUG InsuranceClaims.FormReport [(null)] - ClaimInsuranceType----1-1
2014-09-05 03:47:39,480 [Rendering] DEBUG InsuranceClaims.FormReport [(null)] - ClaimInsuranceType----1-1
2014-09-05 03:47:39,543 [Rendering] DEBUG InsuranceClaims.FormReport [(null)] - ClaimInsuranceType----1-1
2014-09-05 03:47:39,600 [Rendering] DEBUG InsuranceClaims.FormReport [(null)] - ClaimInsuranceType----1-1
2014-09-05 03:47:39,653 [Rendering] DEBUG InsuranceClaims.FormReport [(null)] - ClaimInsuranceType----1-1
2014-09-05 03:47:39,706 [Rendering] DEBUG InsuranceClaims.FormReport [(null)] - ClaimInsuranceType----1-1
2014-09-05 03:47:39,759 [Rendering] DEBUG InsuranceClaims.FormReport [(null)] - ClaimInsuranceType----1-1
2014-09-05 03:47:39,812 [Rendering] DEBUG InsuranceClaims.FormReport [(null)] - ClaimInsuranceType----1-1
2014-09-05 03:47:39,865 [Rendering] DEBUG InsuranceClaims.FormReport [(null)] - ClaimInsuranceType----1-1
2014-09-05 03:47:39,917 [Rendering] DEBUG InsuranceClaims.FormReport [(null)] - ClaimInsuranceType----1-1
2014-09-05 03:47:39,970 [Rendering] DEBUG InsuranceClaims.FormReport [(null)] - ClaimInsuranceType----1-1
2014-09-05 03:47:40,875 [Rendering] DEBUG InsuranceClaims.FormReport [(null)] - ClaimInsuranceType----1-1
2014-09-05 03:47:40,947 [Rendering] DEBUG InsuranceClaims.FormReport [(null)] - ClaimInsuranceType----1-1
2014-09-05 03:47:41,010 [Rendering] DEBUG InsuranceClaims.FormReport [(null)] - ClaimInsuranceType----1-1
2014-09-05 03:47:41,074 [Rendering] DEBUG InsuranceClaims.FormReport [(null)] - ClaimInsuranceType----1-1
2014-09-05 03:47:41,131 [Rendering] DEBUG InsuranceClaims.FormReport [(null)] - ClaimInsuranceType----1-1
2014-09-05 03:47:41,185 [Rendering] DEBUG InsuranceClaims.FormReport [(null)] - ClaimInsuranceType----1-1
2014-09-05 03:47:41,239 [Rendering] DEBUG InsuranceClaims.FormReport [(null)] - ClaimInsuranceType----1-1
2014-09-05 03:47:41,311 [Rendering] DEBUG InsuranceClaims.FormReport [(null)] - ClaimInsuranceType----1-1
2014-09-05 03:47:41,396 [Rendering] DEBUG InsuranceClaims.FormReport [(null)] - ClaimInsuranceType----1-1
2014-09-05 03:47:41,453 [Rendering] DEBUG InsuranceClaims.FormReport [(null)] - ClaimInsuranceType----1-1
2014-09-05 03:47:41,506 [Rendering] DEBUG InsuranceClaims.FormReport [(null)] - ClaimInsuranceType----1-1
2014-09-05 03:47:42,171 [Rendering] DEBUG InsuranceClaims.FormReport [(null)] - ClaimInsuranceType----1-1
2014-09-05 03:47:42,233 [Rendering] DEBUG InsuranceClaims.FormReport [(null)] - ClaimInsuranceType----1-1
2014-09-05 03:47:42,314 [Rendering] DEBUG InsuranceClaims.FormReport [(null)] - ClaimInsuranceType----1-1
2014-09-05 03:47:42,437 [Rendering] DEBUG InsuranceClaims.FormReport [(null)] - ClaimInsuranceType----1-1
2014-09-05 03:47:42,494 [Rendering] DEBUG InsuranceClaims.FormReport [(null)] - ClaimInsuranceType----1-1
2014-09-05 03:47:42,548 [Rendering] DEBUG InsuranceClaims.FormReport [(null)] - ClaimInsuranceType----1-1
2014-09-05 03:47:42,602 [Rendering] DEBUG InsuranceClaims.FormReport [(null)] - ClaimInsuranceType----1-1
2014-09-05 03:47:42,656 [Rendering] DEBUG InsuranceClaims.FormReport [(null)] - ClaimInsuranceType----1-1
2014-09-05 03:47:42,713 [Rendering] DEBUG InsuranceClaims.FormReport [(null)] - ClaimInsuranceType----1-1
2014-09-05 03:47:42,768 [Rendering] DEBUG InsuranceClaims.FormReport [(null)] - ClaimInsuranceType----1-1
2014-09-05 03:47:42,862 [Rendering] DEBUG InsuranceClaims.FormReport [(null)] - ClaimInsuranceType----1-1
--------------------------------Footer------------------------------------------
--------------------------------Header-----------------------------------------
2014-09-05 04:08:37,047 [Rendering] DEBUG InsuranceClaims.FormReport [(null)] - ClaimInsuranceType----1-1
2014-09-05 04:08:37,261 [Rendering] DEBUG InsuranceClaims.FormReport [(null)] - ClaimDetails----1-1
2014-09-05 04:08:37,374 [Rendering] DEBUG InsuranceClaims.FormReport [(null)] - ClaimInsuranceType----1-1
2014-09-05 04:08:37,431 [Rendering] DEBUG InsuranceClaims.FormReport [(null)] - ClaimDetails----1-1
2014-09-05 04:08:37,500 [Rendering] DEBUG InsuranceClaims.FormReport [(null)] - ClaimInsuranceType----1-1
2014-09-05 04:08:37,569 [Rendering] DEBUG InsuranceClaims.FormReport [(null)] - ClaimDetails----1-1
2014-09-05 04:08:37,661 [Rendering] DEBUG InsuranceClaims.FormReport [(null)] - ClaimInsuranceType----1-1
2014-09-05 04:08:37,723 [Rendering] DEBUG InsuranceClaims.FormReport [(null)] - ClaimDetails----1-1
2014-09-05 04:08:37,779 [Rendering] DEBUG InsuranceClaims.FormReport [(null)] - ClaimInsuranceType----1-1
2014-09-05 04:08:37,832 [Rendering] DEBUG InsuranceClaims.FormReport [(null)] - ClaimDetails----1-1
2014-09-05 04:08:37,911 [Rendering] DEBUG InsuranceClaims.FormReport [(null)] - ClaimInsuranceType----1-1
2014-09-05 04:08:37,968 [Rendering] DEBUG InsuranceClaims.FormReport [(null)] - ClaimDetails----1-1
2014-09-05 04:08:38,024 [Rendering] DEBUG InsuranceClaims.FormReport [(null)] - ClaimInsuranceType----1-1
2014-09-05 04:08:38,077 [Rendering] DEBUG InsuranceClaims.FormReport [(null)] - ClaimDetails----1-1
2014-09-05 04:08:38,151 [Rendering] DEBUG InsuranceClaims.FormReport [(null)] - ClaimInsuranceType----1-1
2014-09-05 04:08:38,220 [Rendering] DEBUG InsuranceClaims.FormReport [(null)] - ClaimDetails----1-1
2014-09-05 04:08:38,515 [Rendering] DEBUG InsuranceClaims.FormReport [(null)] - ClaimInsuranceType----1-1
2014-09-05 04:08:38,630 [Rendering] DEBUG InsuranceClaims.FormReport [(null)] - ClaimDetails----1-1
2014-09-05 04:08:38,795 [Rendering] DEBUG InsuranceClaims.FormReport [(null)] - ClaimInsuranceType----1-1
2014-09-05 04:08:38,887 [Rendering] DEBUG InsuranceClaims.FormReport [(null)] - ClaimDetails----1-1
2014-09-05 04:08:38,994 [Rendering] DEBUG InsuranceClaims.FormReport [(null)] - ClaimInsuranceType----1-1
2014-09-05 04:08:39,086 [Rendering] DEBUG InsuranceClaims.FormReport [(null)] - ClaimDetails----1-1
--------------------------------Footer------------------------------------------
--------------------------------Header-----------------------------------------
2014-09-05 04:10:30,871 [Rendering] DEBUG InsuranceClaims.FormReport [(null)] - ClaimInsuranceType----1-1
2014-09-05 04:10:31,045 [Rendering] DEBUG InsuranceClaims.FormReport [(null)] - ClaimDetails----1-1
2014-09-05 04:10:31,125 [Rendering] DEBUG InsuranceClaims.FormReport [(null)] - ClaimInsuranceType----1-1
2014-09-05 04:10:31,181 [Rendering] DEBUG InsuranceClaims.FormReport [(null)] - ClaimDetails----1-1
2014-09-05 04:10:31,236 [Rendering] DEBUG InsuranceClaims.FormReport [(null)] - ClaimInsuranceType----1-1
2014-09-05 04:10:31,309 [Rendering] DEBUG InsuranceClaims.FormReport [(null)] - ClaimDetails----1-1
2014-09-05 04:10:31,386 [Rendering] DEBUG InsuranceClaims.FormReport [(null)] - ClaimInsuranceType----1-1
2014-09-05 04:10:31,452 [Rendering] DEBUG InsuranceClaims.FormReport [(null)] - ClaimDetails----1-1
2014-09-05 04:10:31,515 [Rendering] DEBUG InsuranceClaims.FormReport [(null)] - ClaimInsuranceType----1-1
2014-09-05 04:10:31,568 [Rendering] DEBUG InsuranceClaims.FormReport [(null)] - ClaimDetails----1-1
2014-09-05 04:10:31,625 [Rendering] DEBUG InsuranceClaims.FormReport [(null)] - ClaimInsuranceType----1-1
2014-09-05 04:10:31,683 [Rendering] DEBUG InsuranceClaims.FormReport [(null)] - ClaimDetails----1-1
2014-09-05 04:10:31,740 [Rendering] DEBUG InsuranceClaims.FormReport [(null)] - ClaimInsuranceType----1-1
2014-09-05 04:10:31,793 [Rendering] DEBUG InsuranceClaims.FormReport [(null)] - ClaimDetails----1-1
2014-09-05 04:10:31,846 [Rendering] DEBUG InsuranceClaims.FormReport [(null)] - ClaimInsuranceType----1-1
2014-09-05 04:10:31,898 [Rendering] DEBUG InsuranceClaims.FormReport [(null)] - ClaimDetails----1-1
2014-09-05 04:10:31,956 [Rendering] DEBUG InsuranceClaims.FormReport [(null)] - ClaimInsuranceType----1-1
2014-09-05 04:10:32,008 [Rendering] DEBUG InsuranceClaims.FormReport [(null)] - ClaimDetails----1-1
2014-09-05 04:10:32,061 [Rendering] DEBUG InsuranceClaims.FormReport [(null)] - ClaimInsuranceType----1-1
2014-09-05 04:10:32,112 [Rendering] DEBUG InsuranceClaims.FormReport [(null)] - ClaimDetails----1-1
2014-09-05 04:10:32,165 [Rendering] DEBUG InsuranceClaims.FormReport [(null)] - ClaimInsuranceType----1-1
2014-09-05 04:10:32,217 [Rendering] DEBUG InsuranceClaims.FormReport [(null)] - ClaimDetails----1-1
--------------------------------Footer------------------------------------------
--------------------------------Header-----------------------------------------
2014-09-05 04:12:35,084 [Rendering] DEBUG InsuranceClaims.FormReport [(null)] - ClaimInsuranceType----1-1
2014-09-05 04:12:35,211 [Rendering] DEBUG InsuranceClaims.FormReport [(null)] - ClaimDetails----1-1
2014-09-05 04:12:35,271 [Rendering] DEBUG InsuranceClaims.FormReport [(null)] - ClaimInsuranceType----1-1
2014-09-05 04:12:35,324 [Rendering] DEBUG InsuranceClaims.FormReport [(null)] - ClaimDetails----1-1
2014-09-05 04:12:35,378 [Rendering] DEBUG InsuranceClaims.FormReport [(null)] - ClaimInsuranceType----1-1
2014-09-05 04:12:35,429 [Rendering] DEBUG InsuranceClaims.FormReport [(null)] - ClaimDetails----1-1
2014-09-05 04:12:35,493 [Rendering] DEBUG InsuranceClaims.FormReport [(null)] - ClaimInsuranceType----1-1
2014-09-05 04:12:35,549 [Rendering] DEBUG InsuranceClaims.FormReport [(null)] - ClaimDetails----1-1
2014-09-05 04:12:35,605 [Rendering] DEBUG InsuranceClaims.FormReport [(null)] - ClaimInsuranceType----1-1
2014-09-05 04:12:35,656 [Rendering] DEBUG InsuranceClaims.FormReport [(null)] - ClaimDetails----1-1
2014-09-05 04:12:35,716 [Rendering] DEBUG InsuranceClaims.FormReport [(null)] - ClaimInsuranceType----1-1
2014-09-05 04:12:35,770 [Rendering] DEBUG InsuranceClaims.FormReport [(null)] - ClaimDetails----1-1
2014-09-05 04:12:35,827 [Rendering] DEBUG InsuranceClaims.FormReport [(null)] - ClaimInsuranceType----1-1
2014-09-05 04:12:35,878 [Rendering] DEBUG InsuranceClaims.FormReport [(null)] - ClaimDetails----1-1
2014-09-05 04:12:35,933 [Rendering] DEBUG InsuranceClaims.FormReport [(null)] - ClaimInsuranceType----1-1
2014-09-05 04:12:35,985 [Rendering] DEBUG InsuranceClaims.FormReport [(null)] - ClaimDetails----1-1
2014-09-05 04:12:36,062 [Rendering] DEBUG InsuranceClaims.FormReport [(null)] - ClaimInsuranceType----1-1
2014-09-05 04:12:36,119 [Rendering] DEBUG InsuranceClaims.FormReport [(null)] - ClaimDetails----1-1
2014-09-05 04:12:36,174 [Rendering] DEBUG InsuranceClaims.FormReport [(null)] - ClaimInsuranceType----1-1
2014-09-05 04:12:36,226 [Rendering] DEBUG InsuranceClaims.FormReport [(null)] - ClaimDetails----1-1
2014-09-05 04:12:36,291 [Rendering] DEBUG InsuranceClaims.FormReport [(null)] - ClaimInsuranceType----1-1
2014-09-05 04:12:36,346 [Rendering] DEBUG InsuranceClaims.FormReport [(null)] - ClaimDetails----1-1
--------------------------------Footer------------------------------------------
--------------------------------Header-----------------------------------------
2014-09-05 04:18:24,367 [Rendering] DEBUG InsuranceClaims.FormReport [(null)] - ClaimInsuranceType----1-1
2014-09-05 04:18:24,503 [Rendering] DEBUG InsuranceClaims.FormReport [(null)] - ClaimDetails----1-1
2014-09-05 04:18:24,567 [Rendering] DEBUG InsuranceClaims.FormReport [(null)] - ClaimInsuranceType----1-1
2014-09-05 04:18:24,618 [Rendering] DEBUG InsuranceClaims.FormReport [(null)] - ClaimDetails----1-1
2014-09-05 04:18:24,681 [Rendering] DEBUG InsuranceClaims.FormReport [(null)] - ClaimInsuranceType----1-1
2014-09-05 04:18:24,739 [Rendering] DEBUG InsuranceClaims.FormReport [(null)] - ClaimDetails----1-1
2014-09-05 04:18:24,794 [Rendering] DEBUG InsuranceClaims.FormReport [(null)] - ClaimInsuranceType----1-1
2014-09-05 04:18:24,847 [Rendering] DEBUG InsuranceClaims.FormReport [(null)] - ClaimDetails----1-1
2014-09-05 04:18:24,901 [Rendering] DEBUG InsuranceClaims.FormReport [(null)] - ClaimInsuranceType----1-1
2014-09-05 04:18:24,952 [Rendering] DEBUG InsuranceClaims.FormReport [(null)] - ClaimDetails----1-1
2014-09-05 04:18:25,006 [Rendering] DEBUG InsuranceClaims.FormReport [(null)] - ClaimInsuranceType----1-1
2014-09-05 04:18:25,058 [Rendering] DEBUG InsuranceClaims.FormReport [(null)] - ClaimDetails----1-1
2014-09-05 04:18:25,112 [Rendering] DEBUG InsuranceClaims.FormReport [(null)] - ClaimInsuranceType----1-1
2014-09-05 04:18:25,164 [Rendering] DEBUG InsuranceClaims.FormReport [(null)] - ClaimDetails----1-1
2014-09-05 04:18:25,219 [Rendering] DEBUG InsuranceClaims.FormReport [(null)] - ClaimInsuranceType----1-1
2014-09-05 04:18:25,275 [Rendering] DEBUG InsuranceClaims.FormReport [(null)] - ClaimDetails----1-1
2014-09-05 04:18:25,331 [Rendering] DEBUG InsuranceClaims.FormReport [(null)] - ClaimInsuranceType----1-1
2014-09-05 04:18:25,383 [Rendering] DEBUG InsuranceClaims.FormReport [(null)] - ClaimDetails----1-1
2014-09-05 04:18:25,438 [Rendering] DEBUG InsuranceClaims.FormReport [(null)] - ClaimInsuranceType----1-1
2014-09-05 04:18:25,489 [Rendering] DEBUG InsuranceClaims.FormReport [(null)] - ClaimDetails----1-1
2014-09-05 04:18:25,551 [Rendering] DEBUG InsuranceClaims.FormReport [(null)] - ClaimInsuranceType----1-1
2014-09-05 04:18:25,603 [Rendering] DEBUG InsuranceClaims.FormReport [(null)] - ClaimDetails----1-1
--------------------------------Footer------------------------------------------
--------------------------------Header-----------------------------------------
2014-09-05 04:19:39,745 [Rendering] DEBUG InsuranceClaims.FormReport [(null)] - ClaimInsuranceType----1-1
2014-09-05 04:19:39,890 [Rendering] DEBUG InsuranceClaims.FormReport [(null)] - ClaimDetails----1-1
2014-09-05 04:19:39,972 [Rendering] DEBUG InsuranceClaims.FormReport [(null)] - ClaimInsuranceType----1-1
2014-09-05 04:19:40,038 [Rendering] DEBUG InsuranceClaims.FormReport [(null)] - ClaimDetails----1-1
2014-09-05 04:19:40,112 [Rendering] DEBUG InsuranceClaims.FormReport [(null)] - ClaimInsuranceType----1-1
2014-09-05 04:19:40,167 [Rendering] DEBUG InsuranceClaims.FormReport [(null)] - ClaimDetails----1-1
2014-09-05 04:19:40,223 [Rendering] DEBUG InsuranceClaims.FormReport [(null)] - ClaimInsuranceType----1-1
2014-09-05 04:19:40,276 [Rendering] DEBUG InsuranceClaims.FormReport [(null)] - ClaimDetails----1-1
2014-09-05 04:19:40,350 [Rendering] DEBUG InsuranceClaims.FormReport [(null)] - ClaimInsuranceType----1-1
2014-09-05 04:19:40,409 [Rendering] DEBUG InsuranceClaims.FormReport [(null)] - ClaimDetails----1-1
2014-09-05 04:19:40,478 [Rendering] DEBUG InsuranceClaims.FormReport [(null)] - ClaimInsuranceType----1-1
2014-09-05 04:19:40,557 [Rendering] DEBUG InsuranceClaims.FormReport [(null)] - ClaimDetails----1-1
2014-09-05 04:19:40,642 [Rendering] DEBUG InsuranceClaims.FormReport [(null)] - ClaimInsuranceType----1-1
2014-09-05 04:19:40,704 [Rendering] DEBUG InsuranceClaims.FormReport [(null)] - ClaimDetails----1-1
2014-09-05 04:19:40,760 [Rendering] DEBUG InsuranceClaims.FormReport [(null)] - ClaimInsuranceType----1-1
2014-09-05 04:19:40,813 [Rendering] DEBUG InsuranceClaims.FormReport [(null)] - ClaimDetails----1-1
2014-09-05 04:19:40,868 [Rendering] DEBUG InsuranceClaims.FormReport [(null)] - ClaimInsuranceType----1-1
2014-09-05 04:19:40,920 [Rendering] DEBUG InsuranceClaims.FormReport [(null)] - ClaimDetails----1-1
2014-09-05 04:19:40,996 [Rendering] DEBUG InsuranceClaims.FormReport [(null)] - ClaimInsuranceType----1-1
2014-09-05 04:19:41,063 [Rendering] DEBUG InsuranceClaims.FormReport [(null)] - ClaimDetails----1-1
2014-09-05 04:19:41,143 [Rendering] DEBUG InsuranceClaims.FormReport [(null)] - ClaimInsuranceType----1-1
2014-09-05 04:19:41,219 [Rendering] DEBUG InsuranceClaims.FormReport [(null)] - ClaimDetails----1-1
--------------------------------Footer------------------------------------------
--------------------------------Header-----------------------------------------
2014-09-05 04:22:33,671 [Rendering] DEBUG InsuranceClaims.FormReport [(null)] - ClaimInsuranceType----1-1
2014-09-05 04:22:33,839 [Rendering] DEBUG InsuranceClaims.FormReport [(null)] - ClaimDetails----1-1
2014-09-05 04:22:33,902 [Rendering] DEBUG InsuranceClaims.FormReport [(null)] - ClaimInsuranceType----1-1
2014-09-05 04:22:33,954 [Rendering] DEBUG InsuranceClaims.FormReport [(null)] - ClaimDetails----1-1
2014-09-05 04:22:34,008 [Rendering] DEBUG InsuranceClaims.FormReport [(null)] - ClaimInsuranceType----1-1
2014-09-05 04:22:34,071 [Rendering] DEBUG InsuranceClaims.FormReport [(null)] - ClaimDetails----1-1
2014-09-05 04:22:34,132 [Rendering] DEBUG InsuranceClaims.FormReport [(null)] - ClaimInsuranceType----1-1
2014-09-05 04:22:34,184 [Rendering] DEBUG InsuranceClaims.FormReport [(null)] - ClaimDetails----1-1
2014-09-05 04:22:34,250 [Rendering] DEBUG InsuranceClaims.FormReport [(null)] - ClaimInsuranceType----1-1
2014-09-05 04:22:34,306 [Rendering] DEBUG InsuranceClaims.FormReport [(null)] - ClaimDetails----1-1
2014-09-05 04:22:34,360 [Rendering] DEBUG InsuranceClaims.FormReport [(null)] - ClaimInsuranceType----1-1
2014-09-05 04:22:34,413 [Rendering] DEBUG InsuranceClaims.FormReport [(null)] - ClaimDetails----1-1
2014-09-05 04:22:34,477 [Rendering] DEBUG InsuranceClaims.FormReport [(null)] - ClaimInsuranceType----1-1
2014-09-05 04:22:34,542 [Rendering] DEBUG InsuranceClaims.FormReport [(null)] - ClaimDetails----1-1
2014-09-05 04:22:34,598 [Rendering] DEBUG InsuranceClaims.FormReport [(null)] - ClaimInsuranceType----1-1
2014-09-05 04:22:34,651 [Rendering] DEBUG InsuranceClaims.FormReport [(null)] - ClaimDetails----1-1
2014-09-05 04:22:34,707 [Rendering] DEBUG InsuranceClaims.FormReport [(null)] - ClaimInsuranceType----1-1
2014-09-05 04:22:34,760 [Rendering] DEBUG InsuranceClaims.FormReport [(null)] - ClaimDetails----1-1
2014-09-05 04:22:34,814 [Rendering] DEBUG InsuranceClaims.FormReport [(null)] - ClaimInsuranceType----1-1
2014-09-05 04:22:34,866 [Rendering] DEBUG InsuranceClaims.FormReport [(null)] - ClaimDetails----1-1
2014-09-05 04:22:34,920 [Rendering] DEBUG InsuranceClaims.FormReport [(null)] - ClaimInsuranceType----1-1
2014-09-05 04:22:34,977 [Rendering] DEBUG InsuranceClaims.FormReport [(null)] - ClaimDetails----1-1
--------------------------------Footer------------------------------------------
--------------------------------Header-----------------------------------------
2014-09-05 04:25:24,670 [Rendering] DEBUG InsuranceClaims.FormReport [(null)] - ClaimInsuranceType----1-1
2014-09-05 04:25:24,885 [Rendering] DEBUG InsuranceClaims.FormReport [(null)] - ClaimDetails----1-1
2014-09-05 04:25:24,984 [Rendering] DEBUG InsuranceClaims.FormReport [(null)] - ClaimInsuranceType----1-1
2014-09-05 04:25:25,061 [Rendering] DEBUG InsuranceClaims.FormReport [(null)] - ClaimDetails----1-1
2014-09-05 04:25:25,134 [Rendering] DEBUG InsuranceClaims.FormReport [(null)] - ClaimInsuranceType----1-1
2014-09-05 04:25:25,193 [Rendering] DEBUG InsuranceClaims.FormReport [(null)] - ClaimDetails----1-1
2014-09-05 04:25:25,266 [Rendering] DEBUG InsuranceClaims.FormReport [(null)] - ClaimInsuranceType----1-1
2014-09-05 04:25:25,325 [Rendering] DEBUG InsuranceClaims.FormReport [(null)] - ClaimDetails----1-1
2014-09-05 04:25:25,392 [Rendering] DEBUG InsuranceClaims.FormReport [(null)] - ClaimInsuranceType----1-1
2014-09-05 04:25:25,447 [Rendering] DEBUG InsuranceClaims.FormReport [(null)] - ClaimDetails----1-1
2014-09-05 04:25:25,514 [Rendering] DEBUG InsuranceClaims.FormReport [(null)] - ClaimInsuranceType----1-1
2014-09-05 04:25:25,578 [Rendering] DEBUG InsuranceClaims.FormReport [(null)] - ClaimDetails----1-1
2014-09-05 04:25:25,634 [Rendering] DEBUG InsuranceClaims.FormReport [(null)] - ClaimInsuranceType----1-1
2014-09-05 04:25:25,687 [Rendering] DEBUG InsuranceClaims.FormReport [(null)] - ClaimDetails----1-1
2014-09-05 04:25:25,759 [Rendering] DEBUG InsuranceClaims.FormReport [(null)] - ClaimInsuranceType----1-1
2014-09-05 04:25:25,815 [Rendering] DEBUG InsuranceClaims.FormReport [(null)] - ClaimDetails----1-1
2014-09-05 04:25:25,871 [Rendering] DEBUG InsuranceClaims.FormReport [(null)] - ClaimInsuranceType----1-1
2014-09-05 04:25:25,925 [Rendering] DEBUG InsuranceClaims.FormReport [(null)] - ClaimDetails----1-1
2014-09-05 04:25:25,979 [Rendering] DEBUG InsuranceClaims.FormReport [(null)] - ClaimInsuranceType----1-1
2014-09-05 04:25:26,032 [Rendering] DEBUG InsuranceClaims.FormReport [(null)] - ClaimDetails----1-1
2014-09-05 04:25:26,099 [Rendering] DEBUG InsuranceClaims.FormReport [(null)] - ClaimInsuranceType----1-1
2014-09-05 04:25:26,153 [Rendering] DEBUG InsuranceClaims.FormReport [(null)] - ClaimDetails----1-1
--------------------------------Footer------------------------------------------
--------------------------------Header-----------------------------------------
2014-09-05 04:27:05,501 [Rendering] DEBUG InsuranceClaims.FormReport [(null)] - ClaimInsuranceType----1-1
2014-09-05 04:27:05,707 [Rendering] DEBUG InsuranceClaims.FormReport [(null)] - ClaimDetails----1-1
2014-09-05 04:27:05,802 [Rendering] DEBUG InsuranceClaims.FormReport [(null)] - ClaimInsuranceType----1-1
2014-09-05 04:27:05,860 [Rendering] DEBUG InsuranceClaims.FormReport [(null)] - ClaimDetails----1-1
2014-09-05 04:27:05,919 [Rendering] DEBUG InsuranceClaims.FormReport [(null)] - ClaimInsuranceType----1-1
2014-09-05 04:27:05,971 [Rendering] DEBUG InsuranceClaims.FormReport [(null)] - ClaimDetails----1-1
2014-09-05 04:27:06,040 [Rendering] DEBUG InsuranceClaims.FormReport [(null)] - ClaimInsuranceType----1-1
2014-09-05 04:27:06,096 [Rendering] DEBUG InsuranceClaims.FormReport [(null)] - ClaimDetails----1-1
2014-09-05 04:27:06,153 [Rendering] DEBUG InsuranceClaims.FormReport [(null)] - ClaimInsuranceType----1-1
2014-09-05 04:27:06,206 [Rendering] DEBUG InsuranceClaims.FormReport [(null)] - ClaimDetails----1-1
2014-09-05 04:27:06,274 [Rendering] DEBUG InsuranceClaims.FormReport [(null)] - ClaimInsuranceType----1-1
2014-09-05 04:27:06,349 [Rendering] DEBUG InsuranceClaims.FormReport [(null)] - ClaimDetails----1-1
2014-09-05 04:27:06,410 [Rendering] DEBUG InsuranceClaims.FormReport [(null)] - ClaimInsuranceType----1-1
2014-09-05 04:27:06,467 [Rendering] DEBUG InsuranceClaims.FormReport [(null)] - ClaimDetails----1-1
2014-09-05 04:27:06,531 [Rendering] DEBUG InsuranceClaims.FormReport [(null)] - ClaimInsuranceType----1-1
2014-09-05 04:27:06,588 [Rendering] DEBUG InsuranceClaims.FormReport [(null)] - ClaimDetails----1-1
2014-09-05 04:27:06,647 [Rendering] DEBUG InsuranceClaims.FormReport [(null)] - ClaimInsuranceType----1-1
2014-09-05 04:27:06,701 [Rendering] DEBUG InsuranceClaims.FormReport [(null)] - ClaimDetails----1-1
2014-09-05 04:27:06,772 [Rendering] DEBUG InsuranceClaims.FormReport [(null)] - ClaimInsuranceType----1-1
2014-09-05 04:27:06,828 [Rendering] DEBUG InsuranceClaims.FormReport [(null)] - ClaimDetails----1-1
2014-09-05 04:27:06,883 [Rendering] DEBUG InsuranceClaims.FormReport [(null)] - ClaimInsuranceType----1-1
2014-09-05 04:27:06,938 [Rendering] DEBUG InsuranceClaims.FormReport [(null)] - ClaimDetails----1-1
--------------------------------Footer------------------------------------------
--------------------------------Header-----------------------------------------
--------------------------------Footer------------------------------------------
